This is pdfTeX, Version 3.14159265-2.6-1.40.18 (TeX Live 2017/Debian) (preloaded format=pdflatex 2017.11.7)  8 NOV 2017 13:14
entering extended mode
 restricted \write18 enabled.
 %&-line parsing enabled.
**report.tex
(./report.tex
LaTeX2e <2017-04-15>
Babel <3.12> and hyphenation patterns for 27 language(s) loaded.
(/usr/share/texlive/texmf-dist/tex/latex/IEEEtran/IEEEtran.cls
Document Class: IEEEtran 2015/08/26 V1.8b by Michael Shell
-- See the "IEEEtran_HOWTO" manual for usage information.
-- http://www.michaelshell.org/tex/ieeetran/
\@IEEEtrantmpdimenA=\dimen102
\@IEEEtrantmpdimenB=\dimen103
\@IEEEtrantmpdimenC=\dimen104
\@IEEEtrantmpcountA=\count79
\@IEEEtrantmpcountB=\count80
\@IEEEtrantmpcountC=\count81
\@IEEEtrantmptoksA=\toks14
LaTeX Font Info:    Try loading font information for OT1+ptm on input line 503.

(/usr/share/texlive/texmf-dist/tex/latex/psnfss/ot1ptm.fd
File: ot1ptm.fd 2001/06/04 font definitions for OT1/ptm.
)
-- Using 8.5in x 11in (letter) paper.
-- Using PDF output.
\@IEEEnormalsizeunitybaselineskip=\dimen105
-- This is a 10 point document.
\CLASSINFOnormalsizebaselineskip=\dimen106
\CLASSINFOnormalsizeunitybaselineskip=\dimen107
\IEEEnormaljot=\dimen108
LaTeX Font Info:    Font shape `OT1/ptm/bx/n' in size <5> not available
(Font)              Font shape `OT1/ptm/b/n' tried instead on input line 1090.
LaTeX Font Info:    Font shape `OT1/ptm/bx/it' in size <5> not available
(Font)              Font shape `OT1/ptm/b/it' tried instead on input line 1090.

LaTeX Font Info:    Font shape `OT1/ptm/bx/n' in size <7> not available
(Font)              Font shape `OT1/ptm/b/n' tried instead on input line 1090.
LaTeX Font Info:    Font shape `OT1/ptm/bx/it' in size <7> not available
(Font)              Font shape `OT1/ptm/b/it' tried instead on input line 1090.

LaTeX Font Info:    Font shape `OT1/ptm/bx/n' in size <8> not available
(Font)              Font shape `OT1/ptm/b/n' tried instead on input line 1090.
LaTeX Font Info:    Font shape `OT1/ptm/bx/it' in size <8> not available
(Font)              Font shape `OT1/ptm/b/it' tried instead on input line 1090.

LaTeX Font Info:    Font shape `OT1/ptm/bx/n' in size <9> not available
(Font)              Font shape `OT1/ptm/b/n' tried instead on input line 1090.
LaTeX Font Info:    Font shape `OT1/ptm/bx/it' in size <9> not available
(Font)              Font shape `OT1/ptm/b/it' tried instead on input line 1090.

LaTeX Font Info:    Font shape `OT1/ptm/bx/n' in size <10> not available
(Font)              Font shape `OT1/ptm/b/n' tried instead on input line 1090.
LaTeX Font Info:    Font shape `OT1/ptm/bx/it' in size <10> not available
(Font)              Font shape `OT1/ptm/b/it' tried instead on input line 1090.

LaTeX Font Info:    Font shape `OT1/ptm/bx/n' in size <11> not available
(Font)              Font shape `OT1/ptm/b/n' tried instead on input line 1090.
LaTeX Font Info:    Font shape `OT1/ptm/bx/it' in size <11> not available
(Font)              Font shape `OT1/ptm/b/it' tried instead on input line 1090.

LaTeX Font Info:    Font shape `OT1/ptm/bx/n' in size <12> not available
(Font)              Font shape `OT1/ptm/b/n' tried instead on input line 1090.
LaTeX Font Info:    Font shape `OT1/ptm/bx/it' in size <12> not available
(Font)              Font shape `OT1/ptm/b/it' tried instead on input line 1090.

LaTeX Font Info:    Font shape `OT1/ptm/bx/n' in size <17> not available
(Font)              Font shape `OT1/ptm/b/n' tried instead on input line 1090.
LaTeX Font Info:    Font shape `OT1/ptm/bx/it' in size <17> not available
(Font)              Font shape `OT1/ptm/b/it' tried instead on input line 1090.

LaTeX Font Info:    Font shape `OT1/ptm/bx/n' in size <20> not available
(Font)              Font shape `OT1/ptm/b/n' tried instead on input line 1090.
LaTeX Font Info:    Font shape `OT1/ptm/bx/it' in size <20> not available
(Font)              Font shape `OT1/ptm/b/it' tried instead on input line 1090.

LaTeX Font Info:    Font shape `OT1/ptm/bx/n' in size <24> not available
(Font)              Font shape `OT1/ptm/b/n' tried instead on input line 1090.
LaTeX Font Info:    Font shape `OT1/ptm/bx/it' in size <24> not available
(Font)              Font shape `OT1/ptm/b/it' tried instead on input line 1090.

\IEEEquantizedlength=\dimen109
\IEEEquantizedlengthdiff=\dimen110
\IEEEquantizedtextheightdiff=\dimen111
\IEEEilabelindentA=\dimen112
\IEEEilabelindentB=\dimen113
\IEEEilabelindent=\dimen114
\IEEEelabelindent=\dimen115
\IEEEdlabelindent=\dimen116
\IEEElabelindent=\dimen117
\IEEEiednormlabelsep=\dimen118
\IEEEiedmathlabelsep=\dimen119
\IEEEiedtopsep=\skip41
\c@section=\count82
\c@subsection=\count83
\c@subsubsection=\count84
\c@paragraph=\count85
\c@IEEEsubequation=\count86
\abovecaptionskip=\skip42
\belowcaptionskip=\skip43
\c@figure=\count87
\c@table=\count88
\@IEEEeqnnumcols=\count89
\@IEEEeqncolcnt=\count90
\@IEEEsubeqnnumrollback=\count91
\@IEEEquantizeheightA=\dimen120
\@IEEEquantizeheightB=\dimen121
\@IEEEquantizeheightC=\dimen122
\@IEEEquantizeprevdepth=\dimen123
\@IEEEquantizemultiple=\count92
\@IEEEquantizeboxA=\box26
\@IEEEtmpitemindent=\dimen124
\IEEEPARstartletwidth=\dimen125
\c@IEEEbiography=\count93
\@IEEEtranrubishbin=\box27
) (/usr/share/texlive/texmf-dist/tex/latex/graphics/epsfig.sty
Package: epsfig 2017/06/25 v1.7b (e)psfig emulation (SPQR)

(/usr/share/texlive/texmf-dist/tex/latex/graphics/graphicx.sty
Package: graphicx 2017/06/01 v1.1a Enhanced LaTeX Graphics (DPC,SPQR)

(/usr/share/texlive/texmf-dist/tex/latex/graphics/keyval.sty
Package: keyval 2014/10/28 v1.15 key=value parser (DPC)
\KV@toks@=\toks15
)
(/usr/share/texlive/texmf-dist/tex/latex/graphics/graphics.sty
Package: graphics 2017/06/25 v1.2c Standard LaTeX Graphics (DPC,SPQR)

(/usr/share/texlive/texmf-dist/tex/latex/graphics/trig.sty
Package: trig 2016/01/03 v1.10 sin cos tan (DPC)
)
(/usr/share/texlive/texmf-dist/tex/latex/graphics-cfg/graphics.cfg
File: graphics.cfg 2016/06/04 v1.11 sample graphics configuration
)
Package graphics Info: Driver file: pdftex.def on input line 99.

(/usr/share/texlive/texmf-dist/tex/latex/graphics-def/pdftex.def
File: pdftex.def 2017/06/24 v1.0g Graphics/color driver for pdftex
))
\Gin@req@height=\dimen126
\Gin@req@width=\dimen127
)
\epsfxsize=\dimen128
\epsfysize=\dimen129
)
(/usr/share/texlive/texmf-dist/tex/latex/base/fontenc.sty
Package: fontenc 2017/04/05 v2.0i Standard LaTeX package

(/usr/share/texlive/texmf-dist/tex/latex/base/t1enc.def
File: t1enc.def 2017/04/05 v2.0i Standard LaTeX file
LaTeX Font Info:    Redeclaring font encoding T1 on input line 48.
)
LaTeX Font Info:    Try loading font information for T1+ptm on input line 105.

(/usr/share/texlive/texmf-dist/tex/latex/psnfss/t1ptm.fd
File: t1ptm.fd 2001/06/04 font definitions for T1/ptm.
))
(/usr/share/texlive/texmf-dist/tex/latex/vntex/vietnam.sty
Package: vietnam 2009/07/12 v1.3 support for Vietnamese

(/usr/share/texlive/texmf-dist/tex/latex/base/ifthen.sty
Package: ifthen 2014/09/29 v1.1c Standard LaTeX ifthen package (DPC)
)
(/usr/share/texlive/texmf-dist/tex/latex/base/fontenc.sty
Package: fontenc 2017/04/05 v2.0i Standard LaTeX package

(/usr/share/texlive/texmf-dist/tex/latex/vntex/t5enc.def
File: t5enc.def 2006/11/21 v1.4 Vietnamese T5 encoding
)
LaTeX Font Info:    Try loading font information for T5+ptm on input line 105.

(/usr/share/texlive/texmf-dist/tex/latex/vntex/t5ptm.fd
File: t5utm.fd 2005/08/24 Fontinst v1.929 font definitions for T5/ptm.
))
(/usr/share/texlive/texmf-dist/tex/latex/base/inputenc.sty
Package: inputenc 2015/03/17 v1.2c Input encoding file
\inpenc@prehook=\toks16
\inpenc@posthook=\toks17

(/usr/share/texlive/texmf-dist/tex/latex/base/utf8.def
File: utf8.def 2017/01/28 v1.1t UTF-8 support for inputenc
Now handling font encoding OML ...
... no UTF-8 mapping file for font encoding OML
Now handling font encoding T1 ...
... processing UTF-8 mapping file for font encoding T1

(/usr/share/texlive/texmf-dist/tex/latex/base/t1enc.dfu
File: t1enc.dfu 2017/01/28 v1.1t UTF-8 support for inputenc
   defining Unicode char U+00A0 (decimal 160)
   defining Unicode char U+00A1 (decimal 161)
   defining Unicode char U+00A3 (decimal 163)
   defining Unicode char U+00AB (decimal 171)
   defining Unicode char U+00AD (decimal 173)
   defining Unicode char U+00BB (decimal 187)
   defining Unicode char U+00BF (decimal 191)
   defining Unicode char U+00C0 (decimal 192)
   defining Unicode char U+00C1 (decimal 193)
   defining Unicode char U+00C2 (decimal 194)
   defining Unicode char U+00C3 (decimal 195)
   defining Unicode char U+00C4 (decimal 196)
   defining Unicode char U+00C5 (decimal 197)
   defining Unicode char U+00C6 (decimal 198)
   defining Unicode char U+00C7 (decimal 199)
   defining Unicode char U+00C8 (decimal 200)
   defining Unicode char U+00C9 (decimal 201)
   defining Unicode char U+00CA (decimal 202)
   defining Unicode char U+00CB (decimal 203)
   defining Unicode char U+00CC (decimal 204)
   defining Unicode char U+00CD (decimal 205)
   defining Unicode char U+00CE (decimal 206)
   defining Unicode char U+00CF (decimal 207)
   defining Unicode char U+00D0 (decimal 208)
   defining Unicode char U+00D1 (decimal 209)
   defining Unicode char U+00D2 (decimal 210)
   defining Unicode char U+00D3 (decimal 211)
   defining Unicode char U+00D4 (decimal 212)
   defining Unicode char U+00D5 (decimal 213)
   defining Unicode char U+00D6 (decimal 214)
   defining Unicode char U+00D8 (decimal 216)
   defining Unicode char U+00D9 (decimal 217)
   defining Unicode char U+00DA (decimal 218)
   defining Unicode char U+00DB (decimal 219)
   defining Unicode char U+00DC (decimal 220)
   defining Unicode char U+00DD (decimal 221)
   defining Unicode char U+00DE (decimal 222)
   defining Unicode char U+00DF (decimal 223)
   defining Unicode char U+00E0 (decimal 224)
   defining Unicode char U+00E1 (decimal 225)
   defining Unicode char U+00E2 (decimal 226)
   defining Unicode char U+00E3 (decimal 227)
   defining Unicode char U+00E4 (decimal 228)
   defining Unicode char U+00E5 (decimal 229)
   defining Unicode char U+00E6 (decimal 230)
   defining Unicode char U+00E7 (decimal 231)
   defining Unicode char U+00E8 (decimal 232)
   defining Unicode char U+00E9 (decimal 233)
   defining Unicode char U+00EA (decimal 234)
   defining Unicode char U+00EB (decimal 235)
   defining Unicode char U+00EC (decimal 236)
   defining Unicode char U+00ED (decimal 237)
   defining Unicode char U+00EE (decimal 238)
   defining Unicode char U+00EF (decimal 239)
   defining Unicode char U+00F0 (decimal 240)
   defining Unicode char U+00F1 (decimal 241)
   defining Unicode char U+00F2 (decimal 242)
   defining Unicode char U+00F3 (decimal 243)
   defining Unicode char U+00F4 (decimal 244)
   defining Unicode char U+00F5 (decimal 245)
   defining Unicode char U+00F6 (decimal 246)
   defining Unicode char U+00F8 (decimal 248)
   defining Unicode char U+00F9 (decimal 249)
   defining Unicode char U+00FA (decimal 250)
   defining Unicode char U+00FB (decimal 251)
   defining Unicode char U+00FC (decimal 252)
   defining Unicode char U+00FD (decimal 253)
   defining Unicode char U+00FE (decimal 254)
   defining Unicode char U+00FF (decimal 255)
   defining Unicode char U+0100 (decimal 256)
   defining Unicode char U+0101 (decimal 257)
   defining Unicode char U+0102 (decimal 258)
   defining Unicode char U+0103 (decimal 259)
   defining Unicode char U+0104 (decimal 260)
   defining Unicode char U+0105 (decimal 261)
   defining Unicode char U+0106 (decimal 262)
   defining Unicode char U+0107 (decimal 263)
   defining Unicode char U+0108 (decimal 264)
   defining Unicode char U+0109 (decimal 265)
   defining Unicode char U+010A (decimal 266)
   defining Unicode char U+010B (decimal 267)
   defining Unicode char U+010C (decimal 268)
   defining Unicode char U+010D (decimal 269)
   defining Unicode char U+010E (decimal 270)
   defining Unicode char U+010F (decimal 271)
   defining Unicode char U+0110 (decimal 272)
   defining Unicode char U+0111 (decimal 273)
   defining Unicode char U+0112 (decimal 274)
   defining Unicode char U+0113 (decimal 275)
   defining Unicode char U+0114 (decimal 276)
   defining Unicode char U+0115 (decimal 277)
   defining Unicode char U+0116 (decimal 278)
   defining Unicode char U+0117 (decimal 279)
   defining Unicode char U+0118 (decimal 280)
   defining Unicode char U+0119 (decimal 281)
   defining Unicode char U+011A (decimal 282)
   defining Unicode char U+011B (decimal 283)
   defining Unicode char U+011C (decimal 284)
   defining Unicode char U+011D (decimal 285)
   defining Unicode char U+011E (decimal 286)
   defining Unicode char U+011F (decimal 287)
   defining Unicode char U+0120 (decimal 288)
   defining Unicode char U+0121 (decimal 289)
   defining Unicode char U+0122 (decimal 290)
   defining Unicode char U+0123 (decimal 291)
   defining Unicode char U+0124 (decimal 292)
   defining Unicode char U+0125 (decimal 293)
   defining Unicode char U+0128 (decimal 296)
   defining Unicode char U+0129 (decimal 297)
   defining Unicode char U+012A (decimal 298)
   defining Unicode char U+012B (decimal 299)
   defining Unicode char U+012C (decimal 300)
   defining Unicode char U+012D (decimal 301)
   defining Unicode char U+012E (decimal 302)
   defining Unicode char U+012F (decimal 303)
   defining Unicode char U+0130 (decimal 304)
   defining Unicode char U+0131 (decimal 305)
   defining Unicode char U+0132 (decimal 306)
   defining Unicode char U+0133 (decimal 307)
   defining Unicode char U+0134 (decimal 308)
   defining Unicode char U+0135 (decimal 309)
   defining Unicode char U+0136 (decimal 310)
   defining Unicode char U+0137 (decimal 311)
   defining Unicode char U+0139 (decimal 313)
   defining Unicode char U+013A (decimal 314)
   defining Unicode char U+013B (decimal 315)
   defining Unicode char U+013C (decimal 316)
   defining Unicode char U+013D (decimal 317)
   defining Unicode char U+013E (decimal 318)
   defining Unicode char U+0141 (decimal 321)
   defining Unicode char U+0142 (decimal 322)
   defining Unicode char U+0143 (decimal 323)
   defining Unicode char U+0144 (decimal 324)
   defining Unicode char U+0145 (decimal 325)
   defining Unicode char U+0146 (decimal 326)
   defining Unicode char U+0147 (decimal 327)
   defining Unicode char U+0148 (decimal 328)
   defining Unicode char U+014A (decimal 330)
   defining Unicode char U+014B (decimal 331)
   defining Unicode char U+014C (decimal 332)
   defining Unicode char U+014D (decimal 333)
   defining Unicode char U+014E (decimal 334)
   defining Unicode char U+014F (decimal 335)
   defining Unicode char U+0150 (decimal 336)
   defining Unicode char U+0151 (decimal 337)
   defining Unicode char U+0152 (decimal 338)
   defining Unicode char U+0153 (decimal 339)
   defining Unicode char U+0154 (decimal 340)
   defining Unicode char U+0155 (decimal 341)
   defining Unicode char U+0156 (decimal 342)
   defining Unicode char U+0157 (decimal 343)
   defining Unicode char U+0158 (decimal 344)
   defining Unicode char U+0159 (decimal 345)
   defining Unicode char U+015A (decimal 346)
   defining Unicode char U+015B (decimal 347)
   defining Unicode char U+015C (decimal 348)
   defining Unicode char U+015D (decimal 349)
   defining Unicode char U+015E (decimal 350)
   defining Unicode char U+015F (decimal 351)
   defining Unicode char U+0160 (decimal 352)
   defining Unicode char U+0161 (decimal 353)
   defining Unicode char U+0162 (decimal 354)
   defining Unicode char U+0163 (decimal 355)
   defining Unicode char U+0164 (decimal 356)
   defining Unicode char U+0165 (decimal 357)
   defining Unicode char U+0168 (decimal 360)
   defining Unicode char U+0169 (decimal 361)
   defining Unicode char U+016A (decimal 362)
   defining Unicode char U+016B (decimal 363)
   defining Unicode char U+016C (decimal 364)
   defining Unicode char U+016D (decimal 365)
   defining Unicode char U+016E (decimal 366)
   defining Unicode char U+016F (decimal 367)
   defining Unicode char U+0170 (decimal 368)
   defining Unicode char U+0171 (decimal 369)
   defining Unicode char U+0172 (decimal 370)
   defining Unicode char U+0173 (decimal 371)
   defining Unicode char U+0174 (decimal 372)
   defining Unicode char U+0175 (decimal 373)
   defining Unicode char U+0176 (decimal 374)
   defining Unicode char U+0177 (decimal 375)
   defining Unicode char U+0178 (decimal 376)
   defining Unicode char U+0179 (decimal 377)
   defining Unicode char U+017A (decimal 378)
   defining Unicode char U+017B (decimal 379)
   defining Unicode char U+017C (decimal 380)
   defining Unicode char U+017D (decimal 381)
   defining Unicode char U+017E (decimal 382)
   defining Unicode char U+01CD (decimal 461)
   defining Unicode char U+01CE (decimal 462)
   defining Unicode char U+01CF (decimal 463)
   defining Unicode char U+01D0 (decimal 464)
   defining Unicode char U+01D1 (decimal 465)
   defining Unicode char U+01D2 (decimal 466)
   defining Unicode char U+01D3 (decimal 467)
   defining Unicode char U+01D4 (decimal 468)
   defining Unicode char U+01E2 (decimal 482)
   defining Unicode char U+01E3 (decimal 483)
   defining Unicode char U+01E6 (decimal 486)
   defining Unicode char U+01E7 (decimal 487)
   defining Unicode char U+01E8 (decimal 488)
   defining Unicode char U+01E9 (decimal 489)
   defining Unicode char U+01EA (decimal 490)
   defining Unicode char U+01EB (decimal 491)
   defining Unicode char U+01F0 (decimal 496)
   defining Unicode char U+01F4 (decimal 500)
   defining Unicode char U+01F5 (decimal 501)
   defining Unicode char U+0218 (decimal 536)
   defining Unicode char U+0219 (decimal 537)
   defining Unicode char U+021A (decimal 538)
   defining Unicode char U+021B (decimal 539)
   defining Unicode char U+0232 (decimal 562)
   defining Unicode char U+0233 (decimal 563)
   defining Unicode char U+1E02 (decimal 7682)
   defining Unicode char U+1E03 (decimal 7683)
   defining Unicode char U+200C (decimal 8204)
   defining Unicode char U+2010 (decimal 8208)
   defining Unicode char U+2011 (decimal 8209)
   defining Unicode char U+2012 (decimal 8210)
   defining Unicode char U+2013 (decimal 8211)
   defining Unicode char U+2014 (decimal 8212)
   defining Unicode char U+2015 (decimal 8213)
   defining Unicode char U+2018 (decimal 8216)
   defining Unicode char U+2019 (decimal 8217)
   defining Unicode char U+201A (decimal 8218)
   defining Unicode char U+201C (decimal 8220)
   defining Unicode char U+201D (decimal 8221)
   defining Unicode char U+201E (decimal 8222)
   defining Unicode char U+2030 (decimal 8240)
   defining Unicode char U+2031 (decimal 8241)
   defining Unicode char U+2039 (decimal 8249)
   defining Unicode char U+203A (decimal 8250)
   defining Unicode char U+2423 (decimal 9251)
   defining Unicode char U+1E20 (decimal 7712)
   defining Unicode char U+1E21 (decimal 7713)
)
Now handling font encoding OT1 ...
... processing UTF-8 mapping file for font encoding OT1

(/usr/share/texlive/texmf-dist/tex/latex/base/ot1enc.dfu
File: ot1enc.dfu 2017/01/28 v1.1t UTF-8 support for inputenc
   defining Unicode char U+00A0 (decimal 160)
   defining Unicode char U+00A1 (decimal 161)
   defining Unicode char U+00A3 (decimal 163)
   defining Unicode char U+00AD (decimal 173)
   defining Unicode char U+00B8 (decimal 184)
   defining Unicode char U+00BF (decimal 191)
   defining Unicode char U+00C5 (decimal 197)
   defining Unicode char U+00C6 (decimal 198)
   defining Unicode char U+00D8 (decimal 216)
   defining Unicode char U+00DF (decimal 223)
   defining Unicode char U+00E6 (decimal 230)
   defining Unicode char U+00EC (decimal 236)
   defining Unicode char U+00ED (decimal 237)
   defining Unicode char U+00EE (decimal 238)
   defining Unicode char U+00EF (decimal 239)
   defining Unicode char U+00F8 (decimal 248)
   defining Unicode char U+0131 (decimal 305)
   defining Unicode char U+0141 (decimal 321)
   defining Unicode char U+0142 (decimal 322)
   defining Unicode char U+0152 (decimal 338)
   defining Unicode char U+0153 (decimal 339)
   defining Unicode char U+0174 (decimal 372)
   defining Unicode char U+0175 (decimal 373)
   defining Unicode char U+0176 (decimal 374)
   defining Unicode char U+0177 (decimal 375)
   defining Unicode char U+0218 (decimal 536)
   defining Unicode char U+0219 (decimal 537)
   defining Unicode char U+021A (decimal 538)
   defining Unicode char U+021B (decimal 539)
   defining Unicode char U+2013 (decimal 8211)
   defining Unicode char U+2014 (decimal 8212)
   defining Unicode char U+2018 (decimal 8216)
   defining Unicode char U+2019 (decimal 8217)
   defining Unicode char U+201C (decimal 8220)
   defining Unicode char U+201D (decimal 8221)
)
Now handling font encoding OMS ...
... processing UTF-8 mapping file for font encoding OMS

(/usr/share/texlive/texmf-dist/tex/latex/base/omsenc.dfu
File: omsenc.dfu 2017/01/28 v1.1t UTF-8 support for inputenc
   defining Unicode char U+00A7 (decimal 167)
   defining Unicode char U+00B6 (decimal 182)
   defining Unicode char U+00B7 (decimal 183)
   defining Unicode char U+2020 (decimal 8224)
   defining Unicode char U+2021 (decimal 8225)
   defining Unicode char U+2022 (decimal 8226)
)
Now handling font encoding OMX ...
... no UTF-8 mapping file for font encoding OMX
Now handling font encoding U ...
... no UTF-8 mapping file for font encoding U
Now handling font encoding T5 ...
... processing UTF-8 mapping file for font encoding T5

(/usr/share/texlive/texmf-dist/tex/latex/vntex/t5enc.dfu
File: t5enc.dfu 2006/08/19 v1.1 UTF8 support for Vietnamese
   defining Unicode char U+00AB (decimal 171)
   defining Unicode char U+00BB (decimal 187)
   defining Unicode char U+00C0 (decimal 192)
   defining Unicode char U+00C1 (decimal 193)
   defining Unicode char U+00C2 (decimal 194)
   defining Unicode char U+00C3 (decimal 195)
   defining Unicode char U+00C8 (decimal 200)
   defining Unicode char U+00C9 (decimal 201)
   defining Unicode char U+00CA (decimal 202)
   defining Unicode char U+00CC (decimal 204)
   defining Unicode char U+00CD (decimal 205)
   defining Unicode char U+00D2 (decimal 210)
   defining Unicode char U+00D3 (decimal 211)
   defining Unicode char U+00D4 (decimal 212)
   defining Unicode char U+00D5 (decimal 213)
   defining Unicode char U+00D9 (decimal 217)
   defining Unicode char U+00DA (decimal 218)
   defining Unicode char U+00DD (decimal 221)
   defining Unicode char U+00E0 (decimal 224)
   defining Unicode char U+00E1 (decimal 225)
   defining Unicode char U+00E2 (decimal 226)
   defining Unicode char U+00E3 (decimal 227)
   defining Unicode char U+00E8 (decimal 232)
   defining Unicode char U+00E9 (decimal 233)
   defining Unicode char U+00EA (decimal 234)
   defining Unicode char U+00EC (decimal 236)
   defining Unicode char U+00ED (decimal 237)
   defining Unicode char U+00F2 (decimal 242)
   defining Unicode char U+00F3 (decimal 243)
   defining Unicode char U+00F4 (decimal 244)
   defining Unicode char U+00F5 (decimal 245)
   defining Unicode char U+00F9 (decimal 249)
   defining Unicode char U+00FA (decimal 250)
   defining Unicode char U+00FD (decimal 253)
   defining Unicode char U+0102 (decimal 258)
   defining Unicode char U+0103 (decimal 259)
   defining Unicode char U+0110 (decimal 272)
   defining Unicode char U+0111 (decimal 273)
   defining Unicode char U+0128 (decimal 296)
   defining Unicode char U+0129 (decimal 297)
   defining Unicode char U+0131 (decimal 305)
   defining Unicode char U+0168 (decimal 360)
   defining Unicode char U+0169 (decimal 361)
   defining Unicode char U+01A0 (decimal 416)
   defining Unicode char U+01A1 (decimal 417)
   defining Unicode char U+01AF (decimal 431)
   defining Unicode char U+01B0 (decimal 432)
   defining Unicode char U+1EA0 (decimal 7840)
   defining Unicode char U+1EA1 (decimal 7841)
   defining Unicode char U+1EA2 (decimal 7842)
   defining Unicode char U+1EA3 (decimal 7843)
   defining Unicode char U+1EA4 (decimal 7844)
   defining Unicode char U+1EA5 (decimal 7845)
   defining Unicode char U+1EA6 (decimal 7846)
   defining Unicode char U+1EA7 (decimal 7847)
   defining Unicode char U+1EA8 (decimal 7848)
   defining Unicode char U+1EA9 (decimal 7849)
   defining Unicode char U+1EAA (decimal 7850)
   defining Unicode char U+1EAB (decimal 7851)
   defining Unicode char U+1EAC (decimal 7852)
   defining Unicode char U+1EAD (decimal 7853)
   defining Unicode char U+1EAE (decimal 7854)
   defining Unicode char U+1EAF (decimal 7855)
   defining Unicode char U+1EB0 (decimal 7856)
   defining Unicode char U+1EB1 (decimal 7857)
   defining Unicode char U+1EB2 (decimal 7858)
   defining Unicode char U+1EB3 (decimal 7859)
   defining Unicode char U+1EB4 (decimal 7860)
   defining Unicode char U+1EB5 (decimal 7861)
   defining Unicode char U+1EB6 (decimal 7862)
   defining Unicode char U+1EB7 (decimal 7863)
   defining Unicode char U+1EB8 (decimal 7864)
   defining Unicode char U+1EB9 (decimal 7865)
   defining Unicode char U+1EBA (decimal 7866)
   defining Unicode char U+1EBB (decimal 7867)
   defining Unicode char U+1EBC (decimal 7868)
   defining Unicode char U+1EBD (decimal 7869)
   defining Unicode char U+1EBE (decimal 7870)
   defining Unicode char U+1EBF (decimal 7871)
   defining Unicode char U+1EC0 (decimal 7872)
   defining Unicode char U+1EC1 (decimal 7873)
   defining Unicode char U+1EC2 (decimal 7874)
   defining Unicode char U+1EC3 (decimal 7875)
   defining Unicode char U+1EC4 (decimal 7876)
   defining Unicode char U+1EC5 (decimal 7877)
   defining Unicode char U+1EC6 (decimal 7878)
   defining Unicode char U+1EC7 (decimal 7879)
   defining Unicode char U+1EC8 (decimal 7880)
   defining Unicode char U+1EC9 (decimal 7881)
   defining Unicode char U+1ECA (decimal 7882)
   defining Unicode char U+1ECB (decimal 7883)
   defining Unicode char U+1ECC (decimal 7884)
   defining Unicode char U+1ECD (decimal 7885)
   defining Unicode char U+1ECE (decimal 7886)
   defining Unicode char U+1ECF (decimal 7887)
   defining Unicode char U+1ED0 (decimal 7888)
   defining Unicode char U+1ED1 (decimal 7889)
   defining Unicode char U+1ED2 (decimal 7890)
   defining Unicode char U+1ED3 (decimal 7891)
   defining Unicode char U+1ED4 (decimal 7892)
   defining Unicode char U+1ED5 (decimal 7893)
   defining Unicode char U+1ED6 (decimal 7894)
   defining Unicode char U+1ED7 (decimal 7895)
   defining Unicode char U+1ED8 (decimal 7896)
   defining Unicode char U+1ED9 (decimal 7897)
   defining Unicode char U+1EDA (decimal 7898)
   defining Unicode char U+1EDB (decimal 7899)
   defining Unicode char U+1EDC (decimal 7900)
   defining Unicode char U+1EDD (decimal 7901)
   defining Unicode char U+1EDE (decimal 7902)
   defining Unicode char U+1EDF (decimal 7903)
   defining Unicode char U+1EE0 (decimal 7904)
   defining Unicode char U+1EE1 (decimal 7905)
   defining Unicode char U+1EE2 (decimal 7906)
   defining Unicode char U+1EE3 (decimal 7907)
   defining Unicode char U+1EE4 (decimal 7908)
   defining Unicode char U+1EE5 (decimal 7909)
   defining Unicode char U+1EE6 (decimal 7910)
   defining Unicode char U+1EE7 (decimal 7911)
   defining Unicode char U+1EE8 (decimal 7912)
   defining Unicode char U+1EE9 (decimal 7913)
   defining Unicode char U+1EEA (decimal 7914)
   defining Unicode char U+1EEB (decimal 7915)
   defining Unicode char U+1EEC (decimal 7916)
   defining Unicode char U+1EED (decimal 7917)
   defining Unicode char U+1EEE (decimal 7918)
   defining Unicode char U+1EEF (decimal 7919)
   defining Unicode char U+1EF0 (decimal 7920)
   defining Unicode char U+1EF1 (decimal 7921)
   defining Unicode char U+1EF2 (decimal 7922)
   defining Unicode char U+1EF3 (decimal 7923)
   defining Unicode char U+1EF4 (decimal 7924)
   defining Unicode char U+1EF5 (decimal 7925)
   defining Unicode char U+1EF6 (decimal 7926)
   defining Unicode char U+1EF7 (decimal 7927)
   defining Unicode char U+1EF8 (decimal 7928)
   defining Unicode char U+1EF9 (decimal 7929)
   defining Unicode char U+200C (decimal 8204)
   defining Unicode char U+2013 (decimal 8211)
   defining Unicode char U+2014 (decimal 8212)
   defining Unicode char U+2018 (decimal 8216)
   defining Unicode char U+2019 (decimal 8217)
   defining Unicode char U+201A (decimal 8218)
   defining Unicode char U+201C (decimal 8220)
   defining Unicode char U+201D (decimal 8221)
   defining Unicode char U+201E (decimal 8222)
   defining Unicode char U+2030 (decimal 8240)
   defining Unicode char U+2031 (decimal 8241)
   defining Unicode char U+2039 (decimal 8249)
   defining Unicode char U+203A (decimal 8250)
   defining Unicode char U+2423 (decimal 9251)
)
   defining Unicode char U+00A9 (decimal 169)
   defining Unicode char U+00AA (decimal 170)
   defining Unicode char U+00AE (decimal 174)
   defining Unicode char U+00BA (decimal 186)
   defining Unicode char U+02C6 (decimal 710)
   defining Unicode char U+02DC (decimal 732)
   defining Unicode char U+200C (decimal 8204)
   defining Unicode char U+2026 (decimal 8230)
   defining Unicode char U+2122 (decimal 8482)
   defining Unicode char U+2423 (decimal 9251)
))
(/usr/share/texlive/texmf-dist/tex/latex/vntex/vncaps.tex
File: vncaps.tex 2006/06/07 v1.1 Captions in Vietnamese
))
(/usr/share/texlive/texmf-dist/tex/latex/tools/enumerate.sty
Package: enumerate 2015/07/23 v3.00 enumerate extensions (DPC)
\@enLab=\toks18
)
(/usr/share/texlive/texmf-dist/tex/latex/amsmath/amsmath.sty
Package: amsmath 2016/11/05 v2.16a AMS math features
\@mathmargin=\skip44

For additional information on amsmath, use the `?' option.
(/usr/share/texlive/texmf-dist/tex/latex/amsmath/amstext.sty
Package: amstext 2000/06/29 v2.01 AMS text

(/usr/share/texlive/texmf-dist/tex/latex/amsmath/amsgen.sty
File: amsgen.sty 1999/11/30 v2.0 generic functions
\@emptytoks=\toks19
\ex@=\dimen130
))
(/usr/share/texlive/texmf-dist/tex/latex/amsmath/amsbsy.sty
Package: amsbsy 1999/11/29 v1.2d Bold Symbols
\pmbraise@=\dimen131
)
(/usr/share/texlive/texmf-dist/tex/latex/amsmath/amsopn.sty
Package: amsopn 2016/03/08 v2.02 operator names
)
\inf@bad=\count94
LaTeX Info: Redefining \frac on input line 213.
\uproot@=\count95
\leftroot@=\count96
LaTeX Info: Redefining \overline on input line 375.
\classnum@=\count97
\DOTSCASE@=\count98
LaTeX Info: Redefining \ldots on input line 472.
LaTeX Info: Redefining \dots on input line 475.
LaTeX Info: Redefining \cdots on input line 596.
\Mathstrutbox@=\box28
\strutbox@=\box29
\big@size=\dimen132
LaTeX Font Info:    Redeclaring font encoding OML on input line 712.
LaTeX Font Info:    Redeclaring font encoding OMS on input line 713.
\macc@depth=\count99
\c@MaxMatrixCols=\count100
\dotsspace@=\muskip10
\c@parentequation=\count101
\dspbrk@lvl=\count102
\tag@help=\toks20
\row@=\count103
\column@=\count104
\maxfields@=\count105
\andhelp@=\toks21
\eqnshift@=\dimen133
\alignsep@=\dimen134
\tagshift@=\dimen135
\tagwidth@=\dimen136
\totwidth@=\dimen137
\lineht@=\dimen138
\@envbody=\toks22
\multlinegap=\skip45
\multlinetaggap=\skip46
\mathdisplay@stack=\toks23
LaTeX Info: Redefining \[ on input line 2817.
LaTeX Info: Redefining \] on input line 2818.
)
(/usr/share/texlive/texmf-dist/tex/latex/amsfonts/amsfonts.sty
Package: amsfonts 2013/01/14 v3.01 Basic AMSFonts support
\symAMSa=\mathgroup4
\symAMSb=\mathgroup5
LaTeX Font Info:    Overwriting math alphabet `\mathfrak' in version `bold'
(Font)                  U/euf/m/n --> U/euf/b/n on input line 106.
)
(/usr/share/texlive/texmf-dist/tex/latex/amsfonts/amssymb.sty
Package: amssymb 2013/01/14 v3.01 AMS font symbols
)
(/usr/share/texlive/texmf-dist/tex/latex/subfigure/subfigure.sty
Package: subfigure 2002/03/15 v2.1.5 subfigure package
\subfigtopskip=\skip47
\subfigcapskip=\skip48
\subfigcaptopadj=\dimen139
\subfigbottomskip=\skip49
\subfigcapmargin=\dimen140
\subfiglabelskip=\skip50
\c@subfigure=\count106
\c@lofdepth=\count107
\c@subtable=\count108
\c@lotdepth=\count109

****************************************
* Local config file subfigure.cfg used *
****************************************
(/usr/share/texlive/texmf-dist/tex/latex/subfigure/subfigure.cfg)
\subfig@top=\skip51
\subfig@bottom=\skip52
)
(/usr/share/texmf/tex/latex/lm/lmodern.sty
Package: lmodern 2009/10/30 v1.6 Latin Modern Fonts
LaTeX Font Info:    Overwriting symbol font `operators' in version `normal'
(Font)                  OT1/cmr/m/n --> OT1/lmr/m/n on input line 22.
LaTeX Font Info:    Overwriting symbol font `letters' in version `normal'
(Font)                  OML/cmm/m/it --> OML/lmm/m/it on input line 23.
LaTeX Font Info:    Overwriting symbol font `symbols' in version `normal'
(Font)                  OMS/cmsy/m/n --> OMS/lmsy/m/n on input line 24.
LaTeX Font Info:    Overwriting symbol font `largesymbols' in version `normal'
(Font)                  OMX/cmex/m/n --> OMX/lmex/m/n on input line 25.
LaTeX Font Info:    Overwriting symbol font `operators' in version `bold'
(Font)                  OT1/cmr/bx/n --> OT1/lmr/bx/n on input line 26.
LaTeX Font Info:    Overwriting symbol font `letters' in version `bold'
(Font)                  OML/cmm/b/it --> OML/lmm/b/it on input line 27.
LaTeX Font Info:    Overwriting symbol font `symbols' in version `bold'
(Font)                  OMS/cmsy/b/n --> OMS/lmsy/b/n on input line 28.
LaTeX Font Info:    Overwriting symbol font `largesymbols' in version `bold'
(Font)                  OMX/cmex/m/n --> OMX/lmex/m/n on input line 29.
LaTeX Font Info:    Overwriting math alphabet `\mathbf' in version `normal'
(Font)                  OT1/cmr/bx/n --> OT1/lmr/bx/n on input line 31.
LaTeX Font Info:    Overwriting math alphabet `\mathsf' in version `normal'
(Font)                  OT1/cmss/m/n --> OT1/lmss/m/n on input line 32.
LaTeX Font Info:    Overwriting math alphabet `\mathit' in version `normal'
(Font)                  OT1/cmr/m/it --> OT1/lmr/m/it on input line 33.
LaTeX Font Info:    Overwriting math alphabet `\mathtt' in version `normal'
(Font)                  OT1/cmtt/m/n --> OT1/lmtt/m/n on input line 34.
LaTeX Font Info:    Overwriting math alphabet `\mathbf' in version `bold'
(Font)                  OT1/cmr/bx/n --> OT1/lmr/bx/n on input line 35.
LaTeX Font Info:    Overwriting math alphabet `\mathsf' in version `bold'
(Font)                  OT1/cmss/bx/n --> OT1/lmss/bx/n on input line 36.
LaTeX Font Info:    Overwriting math alphabet `\mathit' in version `bold'
(Font)                  OT1/cmr/bx/it --> OT1/lmr/bx/it on input line 37.
LaTeX Font Info:    Overwriting math alphabet `\mathtt' in version `bold'
(Font)                  OT1/cmtt/m/n --> OT1/lmtt/m/n on input line 38.
)
(/usr/share/texlive/texmf-dist/tex/latex/hyperref/hyperref.sty
Package: hyperref 2017/03/14 v6.85a Hypertext links for LaTeX

(/usr/share/texlive/texmf-dist/tex/generic/oberdiek/hobsub-hyperref.sty
Package: hobsub-hyperref 2016/05/16 v1.14 Bundle oberdiek, subset hyperref (HO)


(/usr/share/texlive/texmf-dist/tex/generic/oberdiek/hobsub-generic.sty
Package: hobsub-generic 2016/05/16 v1.14 Bundle oberdiek, subset generic (HO)
Package: hobsub 2016/05/16 v1.14 Construct package bundles (HO)
Package: infwarerr 2016/05/16 v1.4 Providing info/warning/error messages (HO)
Package: ltxcmds 2016/05/16 v1.23 LaTeX kernel commands for general use (HO)
Package: ifluatex 2016/05/16 v1.4 Provides the ifluatex switch (HO)
Package ifluatex Info: LuaTeX not detected.
Package: ifvtex 2016/05/16 v1.6 Detect VTeX and its facilities (HO)
Package ifvtex Info: VTeX not detected.
Package: intcalc 2016/05/16 v1.2 Expandable calculations with integers (HO)
Package: ifpdf 2017/03/15 v3.2 Provides the ifpdf switch
Package: etexcmds 2016/05/16 v1.6 Avoid name clashes with e-TeX commands (HO)
Package etexcmds Info: Could not find \expanded.
(etexcmds)             That can mean that you are not using pdfTeX 1.50 or
(etexcmds)             that some package has redefined \expanded.
(etexcmds)             In the latter case, load this package earlier.
Package: kvsetkeys 2016/05/16 v1.17 Key value parser (HO)
Package: kvdefinekeys 2016/05/16 v1.4 Define keys (HO)
Package: pdftexcmds 2017/03/19 v0.25 Utility functions of pdfTeX for LuaTeX (HO
)
Package pdftexcmds Info: LuaTeX not detected.
Package pdftexcmds Info: \pdf@primitive is available.
Package pdftexcmds Info: \pdf@ifprimitive is available.
Package pdftexcmds Info: \pdfdraftmode found.
Package: pdfescape 2016/05/16 v1.14 Implements pdfTeX's escape features (HO)
Package: bigintcalc 2016/05/16 v1.4 Expandable calculations on big integers (HO
)
Package: bitset 2016/05/16 v1.2 Handle bit-vector datatype (HO)
Package: uniquecounter 2016/05/16 v1.3 Provide unlimited unique counter (HO)
)
Package hobsub Info: Skipping package `hobsub' (already loaded).
Package: letltxmacro 2016/05/16 v1.5 Let assignment for LaTeX macros (HO)
Package: hopatch 2016/05/16 v1.3 Wrapper for package hooks (HO)
Package: xcolor-patch 2016/05/16 xcolor patch
Package: atveryend 2016/05/16 v1.9 Hooks at the very end of document (HO)
Package atveryend Info: \enddocument detected (standard20110627).
Package: atbegshi 2016/06/09 v1.18 At begin shipout hook (HO)
Package: refcount 2016/05/16 v3.5 Data extraction from label references (HO)
Package: hycolor 2016/05/16 v1.8 Color options for hyperref/bookmark (HO)
)
(/usr/share/texlive/texmf-dist/tex/generic/ifxetex/ifxetex.sty
Package: ifxetex 2010/09/12 v0.6 Provides ifxetex conditional
)
(/usr/share/texlive/texmf-dist/tex/latex/oberdiek/auxhook.sty
Package: auxhook 2016/05/16 v1.4 Hooks for auxiliary files (HO)
)
(/usr/share/texlive/texmf-dist/tex/latex/oberdiek/kvoptions.sty
Package: kvoptions 2016/05/16 v3.12 Key value format for package options (HO)
)
\@linkdim=\dimen141
\Hy@linkcounter=\count110
\Hy@pagecounter=\count111

(/usr/share/texlive/texmf-dist/tex/latex/hyperref/pd1enc.def
File: pd1enc.def 2017/03/14 v6.85a Hyperref: PDFDocEncoding definition (HO)
Now handling font encoding PD1 ...
... no UTF-8 mapping file for font encoding PD1
)
\Hy@SavedSpaceFactor=\count112

(/usr/share/texlive/texmf-dist/tex/latex/latexconfig/hyperref.cfg
File: hyperref.cfg 2002/06/06 v1.2 hyperref configuration of TeXLive
)
Package hyperref Info: Hyper figures OFF on input line 4498.
Package hyperref Info: Link nesting OFF on input line 4503.
Package hyperref Info: Hyper index ON on input line 4506.
Package hyperref Info: Plain pages OFF on input line 4513.
Package hyperref Info: Backreferencing OFF on input line 4518.
Package hyperref Info: Implicit mode ON; LaTeX internals redefined.
Package hyperref Info: Bookmarks ON on input line 4751.
\c@Hy@tempcnt=\count113

(/usr/share/texlive/texmf-dist/tex/latex/url/url.sty
\Urlmuskip=\muskip11
Package: url 2013/09/16  ver 3.4  Verb mode for urls, etc.
)
LaTeX Info: Redefining \url on input line 5104.
\XeTeXLinkMargin=\dimen142
\Fld@menulength=\count114
\Field@Width=\dimen143
\Fld@charsize=\dimen144
Package hyperref Info: Hyper figures OFF on input line 6358.
Package hyperref Info: Link nesting OFF on input line 6363.
Package hyperref Info: Hyper index ON on input line 6366.
Package hyperref Info: backreferencing OFF on input line 6373.
Package hyperref Info: Link coloring OFF on input line 6378.
Package hyperref Info: Link coloring with OCG OFF on input line 6383.
Package hyperref Info: PDF/A mode OFF on input line 6388.
LaTeX Info: Redefining \ref on input line 6428.
LaTeX Info: Redefining \pageref on input line 6432.
\Hy@abspage=\count115
\c@Item=\count116
\c@Hfootnote=\count117
)

Package hyperref Message: Driver (autodetected): hpdftex.

(/usr/share/texlive/texmf-dist/tex/latex/hyperref/hpdftex.def
File: hpdftex.def 2017/03/14 v6.85a Hyperref driver for pdfTeX
\Fld@listcount=\count118
\c@bookmark@seq@number=\count119

(/usr/share/texlive/texmf-dist/tex/latex/oberdiek/rerunfilecheck.sty
Package: rerunfilecheck 2016/05/16 v1.8 Rerun checks for auxiliary files (HO)
Package uniquecounter Info: New unique counter `rerunfilecheck' on input line 2
82.
)
\Hy@SectionHShift=\skip53
)
Package hyperref Info: Option `colorlinks' set `true' on input line 20.

(/usr/share/texlive/texmf-dist/tex/latex/tools/multicol.sty
Package: multicol 2017/04/11 v1.8q multicolumn formatting (FMi)
\c@tracingmulticols=\count120
\mult@box=\box30
\multicol@leftmargin=\dimen145
\c@unbalance=\count121
\c@collectmore=\count122
\doublecol@number=\count123
\multicoltolerance=\count124
\multicolpretolerance=\count125
\full@width=\dimen146
\page@free=\dimen147
\premulticols=\dimen148
\postmulticols=\dimen149
\multicolsep=\skip54
\multicolbaselineskip=\skip55
\partial@page=\box31
\last@line=\box32
\maxbalancingoverflow=\dimen150
\mult@rightbox=\box33
\mult@grightbox=\box34
\mult@gfirstbox=\box35
\mult@firstbox=\box36
\@tempa=\box37
\@tempa=\box38
\@tempa=\box39
\@tempa=\box40
\@tempa=\box41
\@tempa=\box42
\@tempa=\box43
\@tempa=\box44
\@tempa=\box45
\@tempa=\box46
\@tempa=\box47
\@tempa=\box48
\@tempa=\box49
\@tempa=\box50
\@tempa=\box51
\@tempa=\box52
\@tempa=\box53
\c@columnbadness=\count126
\c@finalcolumnbadness=\count127
\last@try=\dimen151
\multicolovershoot=\dimen152
\multicolundershoot=\dimen153
\mult@nat@firstbox=\box54
\colbreak@box=\box55
\mc@col@check@num=\count128
) (./report.aux)
\openout1 = `report.aux'.

LaTeX Font Info:    Checking defaults for OML/cmm/m/it on input line 23.
LaTeX Font Info:    ... okay on input line 23.
LaTeX Font Info:    Checking defaults for T1/cmr/m/n on input line 23.
LaTeX Font Info:    ... okay on input line 23.
LaTeX Font Info:    Checking defaults for OT1/cmr/m/n on input line 23.
LaTeX Font Info:    ... okay on input line 23.
LaTeX Font Info:    Checking defaults for OMS/cmsy/m/n on input line 23.
LaTeX Font Info:    ... okay on input line 23.
LaTeX Font Info:    Checking defaults for OMX/cmex/m/n on input line 23.
LaTeX Font Info:    ... okay on input line 23.
LaTeX Font Info:    Checking defaults for U/cmr/m/n on input line 23.
LaTeX Font Info:    ... okay on input line 23.
LaTeX Font Info:    Checking defaults for T5/cmr/m/n on input line 23.
LaTeX Font Info:    Try loading font information for T5+cmr on input line 23.

(/usr/share/texlive/texmf-dist/tex/latex/vntex/t5cmr.fd
File: t5cmr.fd 1999/05/25 v2.5h Standard LaTeX font definitions
)
LaTeX Font Info:    ... okay on input line 23.
LaTeX Font Info:    Checking defaults for PD1/pdf/m/n on input line 23.
LaTeX Font Info:    ... okay on input line 23.
LaTeX Font Info:    Try loading font information for T5+lmr on input line 23.

(/usr/share/texmf/tex/latex/lm/t5lmr.fd
File: t5lmr.fd 2009/10/30 v1.6 Font defs for Latin Modern
)
-- Lines per column: 56 (exact).
(/usr/share/texlive/texmf-dist/tex/context/base/mkii/supp-pdf.mkii
[Loading MPS to PDF converter (version 2006.09.02).]
\scratchcounter=\count129
\scratchdimen=\dimen154
\scratchbox=\box56
\nofMPsegments=\count130
\nofMParguments=\count131
\everyMPshowfont=\toks24
\MPscratchCnt=\count132
\MPscratchDim=\dimen155
\MPnumerator=\count133
\makeMPintoPDFobject=\count134
\everyMPtoPDFconversion=\toks25
) (/usr/share/texlive/texmf-dist/tex/latex/oberdiek/epstopdf-base.sty
Package: epstopdf-base 2016/05/15 v2.6 Base part for package epstopdf

(/usr/share/texlive/texmf-dist/tex/latex/oberdiek/grfext.sty
Package: grfext 2016/05/16 v1.2 Manage graphics extensions (HO)
)
Package epstopdf-base Info: Redefining graphics rule for `.eps' on input line 4
38.
Package grfext Info: Graphics extension search list:
(grfext)             [.pdf,.png,.jpg,.mps,.jpeg,.jbig2,.jb2,.PDF,.PNG,.JPG,.JPE
G,.JBIG2,.JB2,.eps]
(grfext)             \AppendGraphicsExtensions on input line 456.

(/usr/share/texlive/texmf-dist/tex/latex/latexconfig/epstopdf-sys.cfg
File: epstopdf-sys.cfg 2010/07/13 v1.3 Configuration of (r)epstopdf for TeX Liv
e
))
\AtBeginShipoutBox=\box57

(/usr/share/texlive/texmf-dist/tex/latex/graphics/color.sty
Package: color 2016/07/10 v1.1e Standard LaTeX Color (DPC)

(/usr/share/texlive/texmf-dist/tex/latex/graphics-cfg/color.cfg
File: color.cfg 2016/01/02 v1.6 sample color configuration
)
Package color Info: Driver file: pdftex.def on input line 147.
)
Package hyperref Info: Link coloring ON on input line 23.

(/usr/share/texlive/texmf-dist/tex/latex/hyperref/nameref.sty
Package: nameref 2016/05/21 v2.44 Cross-referencing by name of section

(/usr/share/texlive/texmf-dist/tex/generic/oberdiek/gettitlestring.sty
Package: gettitlestring 2016/05/16 v1.5 Cleanup title references (HO)
)
\c@section@level=\count135
)
LaTeX Info: Redefining \ref on input line 23.
LaTeX Info: Redefining \pageref on input line 23.
LaTeX Info: Redefining \nameref on input line 23.

(./report.out) (./report.out)
\@outlinefile=\write3
\openout3 = `report.out'.

<Images/44.png, id=72, 247.96194pt x 68.32117pt>
File: Images/44.png Graphic file (type png)
<use Images/44.png>
Package pdftex.def Info: Images/44.png  used on input line 42. on input line 42
.
Package pdftex.def Info: Requested size: 247.96133pt x 68.32098pt on input line
 42.


Package hyperref Warning: Composite letter `\textacute+\OHORN'
(hyperref)                not defined in PD1 encoding,
(hyperref)                removing `\textacute' on input line 57.


Package hyperref Warning: Glyph not defined in PD1 encoding,
(hyperref)                removing `\OHORN' on input line 57.


Package hyperref Warning: Composite letter `\textdotbelow+\ECIRCUMFLEX'
(hyperref)                not defined in PD1 encoding,
(hyperref)                removing `\textdotbelow' on input line 57.


Package hyperref Warning: Glyph not defined in PD1 encoding,
(hyperref)                removing `\ECIRCUMFLEX' on input line 57.

<Images/11.png, id=74, 248.10216pt x 145.84384pt>
File: Images/11.png Graphic file (type png)
<use Images/11.png>
Package pdftex.def Info: Images/11.png  used on input line 65. on input line 65
.
Package pdftex.def Info: Requested size: 248.10153pt x 145.84348pt on input lin
e 65.
<Images/64.png, id=75, 471.7625pt x 382.42876pt>
File: Images/64.png Graphic file (type png)
<use Images/64.png>
Package pdftex.def Info: Images/64.png  used on input line 72. on input line 72
.
Package pdftex.def Info: Requested size: 188.70164pt x 152.96878pt on input lin
e 72.

Package hyperref Warning: Composite letter `\textacute+\ACIRCUMFLEX'
(hyperref)                not defined in PD1 encoding,
(hyperref)                removing `\textacute' on input line 78.


Package hyperref Warning: Glyph not defined in PD1 encoding,
(hyperref)                removing `\ACIRCUMFLEX' on input line 78.


Package hyperref Warning: Composite letter `\textdotbelow+\ABREVE'
(hyperref)                not defined in PD1 encoding,
(hyperref)                removing `\textdotbelow' on input line 78.


Package hyperref Warning: Glyph not defined in PD1 encoding,
(hyperref)                removing `\ABREVE' on input line 78.


Package hyperref Warning: Glyph not defined in PD1 encoding,
(hyperref)                removing `\UHORN' on input line 78.


Package hyperref Warning: Composite letter `\textdotbelow+\ABREVE'
(hyperref)                not defined in PD1 encoding,
(hyperref)                removing `\textdotbelow' on input line 78.


Package hyperref Warning: Glyph not defined in PD1 encoding,
(hyperref)                removing `\ABREVE' on input line 78.

[1{/var/lib/texmf/fonts/map/pdftex/updmap/pdftex.map}


 <./Images/44.png> <./Images/11.png> <./Images/64.png>]

Package hyperref Warning: Composite letter `\texttilde+u'
(hyperref)                not defined in PD1 encoding,
(hyperref)                removing `\texttilde' on input line 81.

<Images/21.png, id=96, 121.95563pt x 67.75313pt>
File: Images/21.png Graphic file (type png)
<use Images/21.png>
Package pdftex.def Info: Images/21.png  used on input line 87. on input line 87
.
Package pdftex.def Info: Requested size: 121.9553pt x 67.75294pt on input line 
87.
<Images/48.png, id=97, 121.95563pt x 67.75313pt>
File: Images/48.png Graphic file (type png)
<use Images/48.png>
Package pdftex.def Info: Images/48.png  used on input line 88. on input line 88
.
Package pdftex.def Info: Requested size: 121.9553pt x 67.75294pt on input line 
88.
<Images/59.png, id=98, 121.95563pt x 67.75313pt>
File: Images/59.png Graphic file (type png)
<use Images/59.png>
Package pdftex.def Info: Images/59.png  used on input line 89. on input line 89
.
Package pdftex.def Info: Requested size: 121.9553pt x 67.75294pt on input line 
89.
<Images/65.png, id=99, 322.20375pt x 179.67125pt>
File: Images/65.png Graphic file (type png)
<use Images/65.png>
Package pdftex.def Info: Images/65.png  used on input line 90. on input line 90
.
Package pdftex.def Info: Requested size: 120.8261pt x 67.37654pt on input line 
90.
<Images/57.png, id=100, 120.58534pt x 66.99185pt>
File: Images/57.png Graphic file (type png)
<use Images/57.png>
Package pdftex.def Info: Images/57.png  used on input line 91. on input line 91
.
Package pdftex.def Info: Requested size: 120.58504pt x 66.99167pt on input line
 91.
<Images/36.png, id=101, 120.58534pt x 66.99185pt>
File: Images/36.png Graphic file (type png)
<use Images/36.png>
Package pdftex.def Info: Images/36.png  used on input line 92. on input line 92
.
Package pdftex.def Info: Requested size: 120.58504pt x 66.99167pt on input line
 92.

Package hyperref Warning: Composite letter `\textacute+\abreve'
(hyperref)                not defined in PD1 encoding,
(hyperref)                removing `\textacute' on input line 97.


Package hyperref Warning: Glyph not defined in PD1 encoding,
(hyperref)                removing `\abreve' on input line 97.

LaTeX Font Info:    Try loading font information for OT1+lmr on input line 103.

(/usr/share/texmf/tex/latex/lm/ot1lmr.fd
File: ot1lmr.fd 2009/10/30 v1.6 Font defs for Latin Modern
)
LaTeX Font Info:    Try loading font information for OML+lmm on input line 103.


(/usr/share/texmf/tex/latex/lm/omllmm.fd
File: omllmm.fd 2009/10/30 v1.6 Font defs for Latin Modern
)
LaTeX Font Info:    Try loading font information for OMS+lmsy on input line 103
.

(/usr/share/texmf/tex/latex/lm/omslmsy.fd
File: omslmsy.fd 2009/10/30 v1.6 Font defs for Latin Modern
)
LaTeX Font Info:    Try loading font information for OMX+lmex on input line 103
.

(/usr/share/texmf/tex/latex/lm/omxlmex.fd
File: omxlmex.fd 2009/10/30 v1.6 Font defs for Latin Modern
)
LaTeX Font Info:    External font `lmex10' loaded for size
(Font)              <10> on input line 103.
LaTeX Font Info:    External font `lmex10' loaded for size
(Font)              <7> on input line 103.
LaTeX Font Info:    External font `lmex10' loaded for size
(Font)              <5> on input line 103.
LaTeX Font Info:    Try loading font information for U+msa on input line 103.

(/usr/share/texlive/texmf-dist/tex/latex/amsfonts/umsa.fd
File: umsa.fd 2013/01/14 v3.01 AMS symbols A
)
LaTeX Font Info:    Try loading font information for U+msb on input line 103.

(/usr/share/texlive/texmf-dist/tex/latex/amsfonts/umsb.fd
File: umsb.fd 2013/01/14 v3.01 AMS symbols B
)
<Images/66.png, id=105, 322.20375pt x 171.64125pt>
File: Images/66.png Graphic file (type png)
<use Images/66.png>
Package pdftex.def Info: Images/66.png  used on input line 106. on input line 1
06.
Package pdftex.def Info: Requested size: 122.43869pt x 65.22433pt on input line
 106.
<Images/67.png, id=106, 318.18875pt x 174.6525pt>
File: Images/67.png Graphic file (type png)
<use Images/67.png>
Package pdftex.def Info: Images/67.png  used on input line 107. on input line 1
07.
Package pdftex.def Info: Requested size: 120.91296pt x 66.36864pt on input line
 107.
<Images/68.png, id=107, 323.2075pt x 174.6525pt>
File: Images/68.png Graphic file (type png)
<use Images/68.png>
Package pdftex.def Info: Images/68.png  used on input line 108. on input line 1
08.
Package pdftex.def Info: Requested size: 122.82011pt x 66.36864pt on input line
 108.
<Images/70.png, id=108, 318.18875pt x 178.6675pt>
File: Images/70.png Graphic file (type png)
<use Images/70.png>
Package pdftex.def Info: Images/70.png  used on input line 109. on input line 1
09.
Package pdftex.def Info: Requested size: 120.91296pt x 67.89435pt on input line
 109.
<Images/35.png, id=109, 92.15857pt x 115.23914pt>
File: Images/35.png Graphic file (type png)
<use Images/35.png>
Package pdftex.def Info: Images/35.png  used on input line 116. on input line 1
16.
Package pdftex.def Info: Requested size: 92.15834pt x 115.23885pt on input line
 116.
<Images/41.png, id=110, 92.15857pt x 115.23914pt>
File: Images/41.png Graphic file (type png)
<use Images/41.png>
Package pdftex.def Info: Images/41.png  used on input line 117. on input line 1
17.
Package pdftex.def Info: Requested size: 92.15834pt x 115.23885pt on input line
 117.
<Images/9.png, id=111, 92.15857pt x 115.23914pt>
File: Images/9.png Graphic file (type png)
<use Images/9.png>
Package pdftex.def Info: Images/9.png  used on input line 118. on input line 11
8.
Package pdftex.def Info: Requested size: 92.15834pt x 115.23885pt on input line
 118.

Underfull \hbox (badness 10000) in paragraph at lines 118--118
[]\T5/lmr/m/n/8 (c) Mt phi Emma
 []

<Images/8.png, id=112, 92.15857pt x 115.23914pt>
File: Images/8.png Graphic file (type png)
<use Images/8.png>
Package pdftex.def Info: Images/8.png  used on input line 119. on input line 11
9.
Package pdftex.def Info: Requested size: 92.15834pt x 115.23885pt on input line
 119.
<Images/32.png, id=113, 92.15857pt x 115.23914pt>
File: Images/32.png Graphic file (type png)
<use Images/32.png>
Package pdftex.def Info: Images/32.png  used on input line 120. on input line 1
20.
Package pdftex.def Info: Requested size: 92.15834pt x 115.23885pt on input line
 120.
<Images/29.png, id=114, 92.16083pt x 113.90813pt>
File: Images/29.png Graphic file (type png)
<use Images/29.png>
Package pdftex.def Info: Images/29.png  used on input line 121. on input line 1
21.
Package pdftex.def Info: Requested size: 92.16058pt x 113.90784pt on input line
 121.
<Images/34.png, id=115, 92.16083pt x 113.90813pt>
File: Images/34.png Graphic file (type png)
<use Images/34.png>
Package pdftex.def Info: Images/34.png  used on input line 122. on input line 1
22.
Package pdftex.def Info: Requested size: 92.16058pt x 113.90784pt on input line
 122.
<Images/26.png, id=116, 92.16083pt x 113.90813pt>
File: Images/26.png Graphic file (type png)
<use Images/26.png>
Package pdftex.def Info: Images/26.png  used on input line 123. on input line 1
23.
Package pdftex.def Info: Requested size: 92.16058pt x 113.90784pt on input line
 123.
<Images/24.png, id=117, 92.16083pt x 113.90813pt>
File: Images/24.png Graphic file (type png)
<use Images/24.png>
Package pdftex.def Info: Images/24.png  used on input line 124. on input line 1
24.
Package pdftex.def Info: Requested size: 92.16058pt x 113.90784pt on input line
 124.
<Images/51.png, id=118, 92.16083pt x 113.90813pt>
File: Images/51.png Graphic file (type png)
<use Images/51.png>
Package pdftex.def Info: Images/51.png  used on input line 125. on input line 1
25.
Package pdftex.def Info: Requested size: 92.16058pt x 113.90784pt on input line
 125.
<Images/63.png, id=119, 120.45pt x 120.45pt>
File: Images/63.png Graphic file (type png)
<use Images/63.png>
Package pdftex.def Info: Images/63.png  used on input line 132. on input line 1
32.
Package pdftex.def Info: Requested size: 120.44969pt x 120.44969pt on input lin
e 132.
<Images/61.png, id=120, 120.45pt x 120.45pt>
File: Images/61.png Graphic file (type png)
<use Images/61.png>
Package pdftex.def Info: Images/61.png  used on input line 133. on input line 1
33.
Package pdftex.def Info: Requested size: 120.44969pt x 120.44969pt on input lin
e 133.
<Images/13.png, id=121, 121.73138pt x 121.73138pt>
File: Images/13.png Graphic file (type png)
<use Images/13.png>
Package pdftex.def Info: Images/13.png  used on input line 134. on input line 1
34.
Package pdftex.def Info: Requested size: 121.73106pt x 121.73106pt on input lin
e 134.
<Images/30.png, id=122, 121.73138pt x 121.73138pt>
File: Images/30.png Graphic file (type png)
<use Images/30.png>
Package pdftex.def Info: Images/30.png  used on input line 135. on input line 1
35.
Package pdftex.def Info: Requested size: 121.73106pt x 121.73106pt on input lin
e 135.

LaTeX Warning: `!h' float specifier changed to `!ht'.


Package hyperref Warning: Composite letter `\textdotbelow+\ecircumflex'
(hyperref)                not defined in PD1 encoding,
(hyperref)                removing `\textdotbelow' on input line 140.


Package hyperref Warning: Glyph not defined in PD1 encoding,
(hyperref)                removing `\ecircumflex' on input line 140.

[2 <./Images/21.png> <./Images/48.png> <./Images/59.png> <./Images/65.png> <./I
mages/57.png> <./Images/36.png> <./Images/66.png> <./Images/67.png> <./Images/6
8.png> <./Images/70.png>]

LaTeX Warning: Text page 3 contains only floats.


Underfull \vbox (badness 1210) has occurred while \output is active []

<Images/12.png, id=147, 122.04536pt x 122.04536pt>
File: Images/12.png Graphic file (type png)
<use Images/12.png>
Package pdftex.def Info: Images/12.png  used on input line 145. on input line 1
45.
Package pdftex.def Info: Requested size: 122.04504pt x 122.04504pt on input lin
e 145.
<Images/3.png, id=148, 120.45pt x 120.45pt>
File: Images/3.png Graphic file (type png)
<use Images/3.png>
Package pdftex.def Info: Images/3.png  used on input line 146. on input line 14
6.
Package pdftex.def Info: Requested size: 120.44969pt x 120.44969pt on input lin
e 146.

Underfull \vbox (badness 10000) has occurred while \output is active []

 [3 <./Images/35.png> <./Images/41.png> <./Images/9.png> <./Images/8.png> <./Im
ages/32.png> <./Images/29.png> <./Images/34.png> <./Images/26.png> <./Images/24
.png> <./Images/51.png> <./Images/63.png> <./Images/61.png> <./Images/13.png> <
./Images/30.png> <./Images/12.png> <./Images/3.png>]

Package hyperref Warning: Glyph not defined in PD1 encoding,
(hyperref)                removing `\h' on input line 160.


Package hyperref Warning: Composite letter `\textacute+\OCIRCUMFLEX'
(hyperref)                not defined in PD1 encoding,
(hyperref)                removing `\textacute' on input line 160.


Package hyperref Warning: Glyph not defined in PD1 encoding,
(hyperref)                removing `\OCIRCUMFLEX' on input line 160.

<Images/17.png, id=173, 126.58069pt x 177.21297pt>
File: Images/17.png Graphic file (type png)
<use Images/17.png>
Package pdftex.def Info: Images/17.png  used on input line 165. on input line 1
65.
Package pdftex.def Info: Requested size: 126.58037pt x 177.21252pt on input lin
e 165.
<Images/16.png, id=174, 88.63777pt x 54.89499pt>
File: Images/16.png Graphic file (type png)
<use Images/16.png>
Package pdftex.def Info: Images/16.png  used on input line 174. on input line 1
74.
Package pdftex.def Info: Requested size: 85.97852pt x 53.24805pt on input line 
174.
<Images/22.png, id=175, 125.49588pt x 61.77132pt>
File: Images/22.png Graphic file (type png)
<use Images/22.png>
Package pdftex.def Info: Images/22.png  used on input line 175. on input line 1
75.
Package pdftex.def Info: Requested size: 125.49556pt x 61.77116pt on input line
 175.
<Images/31.png, id=176, 120.54753pt x 63.19968pt>
File: Images/31.png Graphic file (type png)
<use Images/31.png>
Package pdftex.def Info: Images/31.png  used on input line 176. on input line 1
76.
Package pdftex.def Info: Requested size: 120.54723pt x 63.19951pt on input line
 176.
<Images/43.png, id=177, 120.64665pt x 63.42061pt>
File: Images/43.png Graphic file (type png)
<use Images/43.png>
Package pdftex.def Info: Images/43.png  used on input line 177. on input line 1
77.
Package pdftex.def Info: Requested size: 120.64635pt x 63.42043pt on input line
 177.
<Images/50.png, id=178, 121.76584pt x 63.16034pt>
File: Images/50.png Graphic file (type png)
<use Images/50.png>
Package pdftex.def Info: Images/50.png  used on input line 178. on input line 1
78.
Package pdftex.def Info: Requested size: 121.76553pt x 63.16017pt on input line
 178.

Package hyperref Warning: Composite letter `\textdotbelow+\ABREVE'
(hyperref)                not defined in PD1 encoding,
(hyperref)                removing `\textdotbelow' on input line 183.


Package hyperref Warning: Glyph not defined in PD1 encoding,
(hyperref)                removing `\ABREVE' on input line 183.


Package hyperref Warning: Glyph not defined in PD1 encoding,
(hyperref)                removing `\h' on input line 185.

[4 <./Images/17.png> <./Images/16.png> <./Images/22.png> <./Images/31.png> <./I
mages/43.png> <./Images/50.png>]
File: Images/43.png Graphic file (type png)
<use Images/43.png>
Package pdftex.def Info: Images/43.png  used on input line 220. on input line 2
20.
Package pdftex.def Info: Requested size: 120.64635pt x 63.42043pt on input line
 220.
<Images/19.png, id=197, 114.19586pt x 31.03903pt>
File: Images/19.png Graphic file (type png)
<use Images/19.png>
Package pdftex.def Info: Images/19.png  used on input line 221. on input line 2
21.
Package pdftex.def Info: Requested size: 114.19557pt x 31.03894pt on input line
 221.
<Images/46.png, id=198, 121.62512pt x 40.79352pt>
File: Images/46.png Graphic file (type png)
<use Images/46.png>
Package pdftex.def Info: Images/46.png  used on input line 222. on input line 2
22.
Package pdftex.def Info: Requested size: 121.6248pt x 40.7934pt on input line 2
22.
<Images/6.png, id=199, 121.46431pt x 41.07979pt>
File: Images/6.png Graphic file (type png)
<use Images/6.png>
Package pdftex.def Info: Images/6.png  used on input line 223. on input line 22
3.
Package pdftex.def Info: Requested size: 121.464pt x 41.07968pt on input line 2
23.
<Images/15.png, id=200, 121.62512pt x 41.29715pt>
File: Images/15.png Graphic file (type png)
<use Images/15.png>
Package pdftex.def Info: Images/15.png  used on input line 224. on input line 2
24.
Package pdftex.def Info: Requested size: 121.6248pt x 41.29704pt on input line 
224.
<Images/60.png, id=201, 123.55838pt x 68.77307pt>
File: Images/60.png Graphic file (type png)
<use Images/60.png>
Package pdftex.def Info: Images/60.png  used on input line 231. on input line 2
31.
Package pdftex.def Info: Requested size: 123.55807pt x 68.77289pt on input line
 231.
LaTeX Font Info:    External font `lmex10' loaded for size
(Font)              <8> on input line 231.
LaTeX Font Info:    External font `lmex10' loaded for size
(Font)              <6> on input line 231.
<Images/18.png, id=202, 122.11137pt x 72.27pt>
File: Images/18.png Graphic file (type png)
<use Images/18.png>
Package pdftex.def Info: Images/18.png  used on input line 232. on input line 2
32.
Package pdftex.def Info: Requested size: 122.11105pt x 72.2698pt on input line 
232.
<Images/5.png, id=203, 122.11137pt x 72.27pt>
File: Images/5.png Graphic file (type png)
<use Images/5.png>
Package pdftex.def Info: Images/5.png  used on input line 233. on input line 23
3.
Package pdftex.def Info: Requested size: 122.11105pt x 72.2698pt on input line 
233.
<Images/53.png, id=204, 123.55838pt x 68.77307pt>
File: Images/53.png Graphic file (type png)
<use Images/53.png>
Package pdftex.def Info: Images/53.png  used on input line 234. on input line 2
34.
Package pdftex.def Info: Requested size: 123.55807pt x 68.77289pt on input line
 234.
<Images/55.png, id=205, 122.11137pt x 112.1431pt>
File: Images/55.png Graphic file (type png)
<use Images/55.png>
Package pdftex.def Info: Images/55.png  used on input line 235. on input line 2
35.
Package pdftex.def Info: Requested size: 122.11105pt x 112.1428pt on input line
 235.
<Images/42.png, id=206, 122.11137pt x 112.1431pt>
File: Images/42.png Graphic file (type png)
<use Images/42.png>
Package pdftex.def Info: Images/42.png  used on input line 236. on input line 2
36.
Package pdftex.def Info: Requested size: 122.11105pt x 112.1428pt on input line
 236.
<Images/23.png, id=207, 121.47511pt x 60.99384pt>
File: Images/23.png Graphic file (type png)
<use Images/23.png>
Package pdftex.def Info: Images/23.png  used on input line 237. on input line 2
37.
Package pdftex.def Info: Requested size: 121.47481pt x 60.99367pt on input line
 237.
<Images/33.png, id=208, 121.47511pt x 60.99384pt>
File: Images/33.png Graphic file (type png)
<use Images/33.png>
Package pdftex.def Info: Images/33.png  used on input line 238. on input line 2
38.
Package pdftex.def Info: Requested size: 121.47481pt x 60.99367pt on input line
 238.
<Images/14.png, id=209, 75.19421pt x 100.81595pt>
File: Images/14.png Graphic file (type png)
<use Images/14.png>
Package pdftex.def Info: Images/14.png  used on input line 245. on input line 2
45.
Package pdftex.def Info: Requested size: 71.43408pt x 95.77458pt on input line 
245.
<Images/38.png, id=210, 75.24313pt x 98.45644pt>
File: Images/38.png Graphic file (type png)
<use Images/38.png>
Package pdftex.def Info: Images/38.png  used on input line 246. on input line 2
46.
Package pdftex.def Info: Requested size: 75.24294pt x 98.45619pt on input line 
246.
<Images/58.png, id=211, 74.19917pt x 88.44542pt>
File: Images/58.png Graphic file (type png)
<use Images/58.png>
Package pdftex.def Info: Images/58.png  used on input line 247. on input line 2
47.
Package pdftex.def Info: Requested size: 74.19899pt x 88.44519pt on input line 
247.
<Images/10.png, id=212, 130.80544pt x 65.40271pt>
File: Images/10.png Graphic file (type png)
<use Images/10.png>
Package pdftex.def Info: Images/10.png  used on input line 248. on input line 2
48.
Package pdftex.def Info: Requested size: 91.56316pt x 45.78157pt on input line 
248.
<Images/45.png, id=213, 75.2758pt x 88.08315pt>
File: Images/45.png Graphic file (type png)
<use Images/45.png>
Package pdftex.def Info: Images/45.png  used on input line 249. on input line 2
49.
Package pdftex.def Info: Requested size: 67.74757pt x 79.27408pt on input line 
249.
<Images/25.png, id=214, 74.53935pt x 66.68391pt>
File: Images/25.png Graphic file (type png)
<use Images/25.png>
Package pdftex.def Info: Images/25.png  used on input line 250. on input line 2
50.
Package pdftex.def Info: Requested size: 74.53915pt x 66.68373pt on input line 
250.
<Images/28.png, id=215, 75.2451pt x 90.24452pt>
File: Images/28.png Graphic file (type png)
<use Images/28.png>
Package pdftex.def Info: Images/28.png  used on input line 251. on input line 2
51.
Package pdftex.def Info: Requested size: 75.2449pt x 90.2443pt on input line 25
1.
File: Images/29.png Graphic file (type png)
<use Images/29.png>
Package pdftex.def Info: Images/29.png  used on input line 252. on input line 2
52.
Package pdftex.def Info: Requested size: 73.72874pt x 91.1266pt on input line 2
52.

Underfull \hbox (badness 2538) in paragraph at lines 252--252
[]\T5/lmr/m/n/8 (h) Hnh nh cha
 []

File: Images/58.png Graphic file (type png)
<use Images/58.png>
Package pdftex.def Info: Images/58.png  used on input line 253. on input line 2
53.
Package pdftex.def Info: Requested size: 74.19899pt x 88.44519pt on input line 
253.
<Images/62.png, id=216, 75.20291pt x 112.80437pt>
File: Images/62.png Graphic file (type png)
<use Images/62.png>
Package pdftex.def Info: Images/62.png  used on input line 254. on input line 2
54.
Package pdftex.def Info: Requested size: 60.1624pt x 90.24359pt on input line 2
54.

Underfull \hbox (badness 10000) in paragraph at lines 254--254
[]\T5/lmr/m/n/8 (j) Hnh nh
 []

<Images/39.png, id=217, 75.35352pt x 95.01096pt>
File: Images/39.png Graphic file (type png)
<use Images/39.png>
Package pdftex.def Info: Images/39.png  used on input line 255. on input line 2
55.
Package pdftex.def Info: Requested size: 75.35332pt x 95.01071pt on input line 
255.
<Images/49.png, id=218, 74.51764pt x 69.84947pt>
File: Images/49.png Graphic file (type png)
<use Images/49.png>
Package pdftex.def Info: Images/49.png  used on input line 256. on input line 2
56.
Package pdftex.def Info: Requested size: 74.51744pt x 69.84929pt on input line 
256.
<Images/2.png, id=219, 75.16724pt x 72.43095pt>
File: Images/2.png Graphic file (type png)
<use Images/2.png>
Package pdftex.def Info: Images/2.png  used on input line 257. on input line 25
7.
Package pdftex.def Info: Requested size: 75.16705pt x 72.43077pt on input line 
257.

Underfull \hbox (badness 1838) in paragraph at lines 257--257
[]\T5/lmr/m/n/8 (m) Hnh nh cha
 []

<Images/27.png, id=220, 75.20781pt x 56.40585pt>
File: Images/27.png Graphic file (type png)
<use Images/27.png>
Package pdftex.def Info: Images/27.png  used on input line 258. on input line 2
58.
Package pdftex.def Info: Requested size: 75.20761pt x 56.4057pt on input line 2
58.
<Images/56.png, id=221, 74.26471pt x 76.71974pt>
File: Images/56.png Graphic file (type png)
<use Images/56.png>
Package pdftex.def Info: Images/56.png  used on input line 259. on input line 2
59.
Package pdftex.def Info: Requested size: 74.26453pt x 76.71954pt on input line 
259.

Package hyperref Warning: Composite letter `\textdotbelow+a'
(hyperref)                not defined in PD1 encoding,
(hyperref)                removing `\textdotbelow' on input line 264.


Package hyperref Warning: Composite letter `\textdotbelow+\uhorn'
(hyperref)                not defined in PD1 encoding,
(hyperref)                removing `\textdotbelow' on input line 264.


Package hyperref Warning: Glyph not defined in PD1 encoding,
(hyperref)                removing `\uhorn' on input line 264.


Package hyperref Warning: Glyph not defined in PD1 encoding,
(hyperref)                removing `\h' on input line 264.

[5 <./Images/19.png> <./Images/46.png> <./Images/6.png> <./Images/15.png> <./Im
ages/60.png> <./Images/18.png> <./Images/5.png> <./Images/53.png> <./Images/55.
png> <./Images/42.png> <./Images/23.png> <./Images/33.png>]
Underfull \vbox (badness 10000) has occurred while \output is active []



Package hyperref Warning: Composite letter `\textacute+\ECIRCUMFLEX'
(hyperref)                not defined in PD1 encoding,
(hyperref)                removing `\textacute' on input line 275.


Package hyperref Warning: Glyph not defined in PD1 encoding,
(hyperref)                removing `\ECIRCUMFLEX' on input line 275.


Package hyperref Warning: Glyph not defined in PD1 encoding,
(hyperref)                removing `\h' on input line 275.


Package hyperref Warning: Composite letter `\textacute+\ECIRCUMFLEX'
(hyperref)                not defined in PD1 encoding,
(hyperref)                removing `\textacute' on input line 281.


Package hyperref Warning: Glyph not defined in PD1 encoding,
(hyperref)                removing `\ECIRCUMFLEX' on input line 281.


Package hyperref Warning: Composite letter `\textdotbelow+\ACIRCUMFLEX'
(hyperref)                not defined in PD1 encoding,
(hyperref)                removing `\textdotbelow' on input line 281.


Package hyperref Warning: Glyph not defined in PD1 encoding,
(hyperref)                removing `\ACIRCUMFLEX' on input line 281.

[6 <./Images/14.png> <./Images/38.png> <./Images/58.png> <./Images/10.png> <./I
mages/45.png> <./Images/25.png> <./Images/28.png> <./Images/62.png> <./Images/3
9.png> <./Images/49.png> <./Images/2.png> <./Images/27.png> <./Images/56.png>]
(./report.bbl

Package hyperref Warning: Composite letter `\textdotbelow+\ecircumflex'
(hyperref)                not defined in PD1 encoding,
(hyperref)                removing `\textdotbelow' on input line 2.


Package hyperref Warning: Glyph not defined in PD1 encoding,
(hyperref)                removing `\ecircumflex' on input line 2.

)
Underfull \hbox (badness 10000) in paragraph at lines 291--292

 []

[7]

Package hyperref Warning: Composite letter `\textdotbelow+u'
(hyperref)                not defined in PD1 encoding,
(hyperref)                removing `\textdotbelow' on input line 294.


Package hyperref Warning: Composite letter `\textdotbelow+u'
(hyperref)                not defined in PD1 encoding,
(hyperref)                removing `\textdotbelow' on input line 294.


Package hyperref Warning: Glyph not defined in PD1 encoding,
(hyperref)                removing `\UHORN' on input line 294.


Package hyperref Warning: Glyph not defined in PD1 encoding,
(hyperref)                removing `\OHORN' on input line 294.


Package hyperref Warning: Glyph not defined in PD1 encoding,
(hyperref)                removing `\h' on input line 294.


Package hyperref Warning: Glyph not defined in PD1 encoding,
(hyperref)                removing `\ECIRCUMFLEX' on input line 294.


Package hyperref Warning: Composite letter `\textacute+\ACIRCUMFLEX'
(hyperref)                not defined in PD1 encoding,
(hyperref)                removing `\textacute' on input line 294.


Package hyperref Warning: Glyph not defined in PD1 encoding,
(hyperref)                removing `\ACIRCUMFLEX' on input line 294.


Package hyperref Warning: Composite letter `\textacute+\OCIRCUMFLEX'
(hyperref)                not defined in PD1 encoding,
(hyperref)                removing `\textacute' on input line 294.


Package hyperref Warning: Glyph not defined in PD1 encoding,
(hyperref)                removing `\OCIRCUMFLEX' on input line 294.


Package hyperref Warning: Composite letter `\textdotbelow+\ABREVE'
(hyperref)                not defined in PD1 encoding,
(hyperref)                removing `\textdotbelow' on input line 294.


Package hyperref Warning: Glyph not defined in PD1 encoding,
(hyperref)                removing `\ABREVE' on input line 294.


Underfull \hbox (badness 10000) in paragraph at lines 298--315

 []


Underfull \hbox (badness 10000) in paragraph at lines 298--315

 []


Underfull \hbox (badness 10000) in paragraph at lines 298--315

 []


Underfull \hbox (badness 10000) in paragraph at lines 298--315

 []


Underfull \hbox (badness 10000) in paragraph at lines 298--315

 []


Underfull \hbox (badness 10000) in paragraph at lines 298--315

 []


Underfull \hbox (badness 10000) in paragraph at lines 298--315

 []


Underfull \hbox (badness 10000) in paragraph at lines 298--315

 []


Underfull \hbox (badness 10000) in paragraph at lines 298--315

 []


Underfull \hbox (badness 10000) in paragraph at lines 298--315

 []


Underfull \hbox (badness 10000) in paragraph at lines 298--315

 []


Underfull \hbox (badness 10000) in paragraph at lines 298--315

 []


Underfull \hbox (badness 10000) in paragraph at lines 298--315

 []


Underfull \hbox (badness 10000) in paragraph at lines 318--339

 []


Underfull \hbox (badness 10000) in paragraph at lines 318--339

 []


Underfull \hbox (badness 10000) in paragraph at lines 318--339

 []


Underfull \hbox (badness 10000) in paragraph at lines 318--339

 []


Underfull \hbox (badness 10000) in paragraph at lines 318--339

 []


Underfull \hbox (badness 10000) in paragraph at lines 318--339

 []


Underfull \hbox (badness 10000) in paragraph at lines 318--339

 []


Underfull \hbox (badness 10000) in paragraph at lines 318--339

 []


Underfull \hbox (badness 10000) in paragraph at lines 318--339

 []


Underfull \hbox (badness 10000) in paragraph at lines 318--339

 []


Underfull \hbox (badness 10000) in paragraph at lines 318--339

 []


Underfull \hbox (badness 10000) in paragraph at lines 318--339

 []


Underfull \hbox (badness 10000) in paragraph at lines 318--339

 []


Underfull \hbox (badness 10000) in paragraph at lines 318--339

 []


Underfull \hbox (badness 10000) in paragraph at lines 318--339

 []


Underfull \hbox (badness 10000) in paragraph at lines 318--339

 []


Underfull \hbox (badness 10000) in paragraph at lines 318--339

 []


Underfull \hbox (badness 4886) in paragraph at lines 340--342
[]\T5/lmr/m/n/10 Cc ^^_im mu cht trn mt nh  Hnh 3,
 []


Underfull \hbox (badness 10000) in paragraph at lines 342--349

 []


Underfull \hbox (badness 10000) in paragraph at lines 342--349

 []


Underfull \hbox (badness 10000) in paragraph at lines 342--349

 []


Overfull \vbox (7.44579pt too high) has occurred while \output is active []


Overfull \vbox (7.44579pt too high) has occurred while \output is active []



Package hyperref Warning: Composite letter `\textdotbelow+u'
(hyperref)                not defined in PD1 encoding,
(hyperref)                removing `\textdotbelow' on input line 350.


Package hyperref Warning: Composite letter `\textdotbelow+u'
(hyperref)                not defined in PD1 encoding,
(hyperref)                removing `\textdotbelow' on input line 350.


** Conference Paper **
Before submitting the final camera ready copy, remember to:

 1. Manually equalize the lengths of two columns on the last page
 of your paper;

 2. Ensure that any PostScript and/or PDF output post-processing
 uses only Type 1 fonts and that every step in the generation
 process uses the appropriate paper size.

Package atveryend Info: Empty hook `BeforeClearDocument' on input line 356.
[8]
Package atveryend Info: Empty hook `AfterLastShipout' on input line 356.
 (./report.aux)
Package atveryend Info: Executing hook `AtVeryEndDocument' on input line 356.
Package atveryend Info: Executing hook `AtEndAfterFileList' on input line 356.
Package rerunfilecheck Info: File `report.out' has not changed.
(rerunfilecheck)             Checksum: 73AED761E05517309F8597F6384C18A6;991.
Package atveryend Info: Empty hook `AtVeryVeryEnd' on input line 356.
 ) 
Here is how much of TeX's memory you used:
 8747 strings out of 494382
 126696 string characters out of 6169331
 216061 words of memory out of 5000000
 11873 multiletter control sequences out of 15000+600000
 281812 words of font info for 123 fonts, out of 8000000 for 9000
 286 hyphenation exceptions out of 8191
 32i,14n,31p,1388b,327s stack positions out of 5000i,500n,10000p,200000b,80000s
{/usr/share/texmf/fonts/enc/dvips/lm/lm-t5.enc}{/usr/share/texmf/fonts/enc/dv
ips/lm/lm-mathit.enc}{/usr/share/texmf/fonts/enc/dvips/lm/lm-mathsy.enc}{/usr/s
hare/texmf/fonts/enc/dvips/lm/lm-rm.enc}{/usr/share/texmf/fonts/enc/dvips/lm/lm
-mathex.enc}</usr/share/texmf/fonts/type1/public/lm/lmbx10.pfb></usr/share/texm
f/fonts/type1/public/lm/lmbx9.pfb></usr/share/texmf/fonts/type1/public/lm/lmbxi
10.pfb></usr/share/texmf/fonts/type1/public/lm/lmcsc10.pfb></usr/share/texmf/fo
nts/type1/public/lm/lmex10.pfb></usr/share/texmf/fonts/type1/public/lm/lmmi10.p
fb></usr/share/texmf/fonts/type1/public/lm/lmmi7.pfb></usr/share/texmf/fonts/ty
pe1/public/lm/lmmi8.pfb></usr/share/texmf/fonts/type1/public/lm/lmr10.pfb></usr
/share/texmf/fonts/type1/public/lm/lmr12.pfb></usr/share/texmf/fonts/type1/publ
ic/lm/lmr17.pfb></usr/share/texmf/fonts/type1/public/lm/lmr7.pfb></usr/share/te
xmf/fonts/type1/public/lm/lmr8.pfb></usr/share/texmf/fonts/type1/public/lm/lmri
10.pfb></usr/share/texmf/fonts/type1/public/lm/lmri8.pfb></usr/share/texmf/font
s/type1/public/lm/lmsy10.pfb></usr/share/texmf/fonts/type1/public/lm/lmsy7.pfb>

Output written on report.pdf (8 pages, 24981171 bytes).
PDF statistics:
 372 PDF objects out of 1000 (max. 8388607)
 282 compressed objects within 3 object streams
 116 named destinations out of 1000 (max. 500000)
 437 words of extra memory for PDF output out of 10000 (max. 10000000)

